--- Copying files at Wed Nov 15 06:11:27 UTC 2023
INSTALLED init.groovy.d/default-user.groovy
INSTALLED plugins/htmlpublisher.jpi : 1.32
INSTALLED plugins/jakarta-activation-api.jpi : 2.0.1-3
INSTALLED plugins/blueocean-events.jpi : 1.27.9
INSTALLED plugins/credentials-binding.jpi : 642.v737c34dea_6c2
INSTALLED plugins/pipeline-build-step.jpi : 516.v8ee60a_81c5b_9
INSTALLED plugins/scm-api.jpi : 676.v886669a_199a_a_
INSTALLED plugins/workflow-scm-step.jpi : 415.v434365564324
INSTALLED plugins/docker-commons.jpi : 439.va_3cb_0a_6a_fb_29
INSTALLED plugins/token-macro.jpi : 384.vf35b_f26814ec
INSTALLED plugins/pipeline-stage-tags-metadata.jpi : 2.2150.v4cfd8916915c
INSTALLED plugins/pubsub-light.jpi : 1.18
INSTALLED plugins/pipeline-model-api.jpi : 2.2150.v4cfd8916915c
INSTALLED plugins/workflow-multibranch.jpi : 756.v891d88f2cd46
INSTALLED plugins/plain-credentials.jpi : 143.v1b_df8b_d3b_e48
INSTALLED plugins/blueocean-dashboard.jpi : 1.27.9
INSTALLED plugins/snakeyaml-api.jpi : 2.2-111.vc6598e30cc65
INSTALLED plugins/echarts-api.jpi : 5.4.0-7
INSTALLED plugins/durable-task.jpi : 523.va_a_22cf15d5e0
INSTALLED plugins/blueocean-web.jpi : 1.27.9
INSTALLED plugins/jjwt-api.jpi : 0.11.5-77.v646c772fddb_0
INSTALLED plugins/bouncycastle-api.jpi : 2.29
INSTALLED plugins/blueocean-commons.jpi : 1.27.9
INSTALLED plugins/blueocean-git-pipeline.jpi : 1.27.9
INSTALLED plugins/matrix-project.jpi : 818.v7eb_e657db_924
INSTALLED plugins/jquery3-api.jpi : 3.7.1-1
INSTALLED plugins/pipeline-input-step.jpi : 477.v339683a_8d55e
INSTALLED plugins/git-client.jpi : 4.5.0
INSTALLED plugins/workflow-durable-task-step.jpi : 1289.v4d3e7b_01546b_
INSTALLED plugins/junit.jpi : 1240.vf9529b_881428
INSTALLED plugins/javax-activation-api.jpi : 1.2.0-6
INSTALLED plugins/workflow-basic-steps.jpi : 1042.ve7b_140c4a_e0c
INSTALLED plugins/cloudbees-folder.jpi : 6.858.v898218f3609d
INSTALLED plugins/blueocean-pipeline-editor.jpi : 1.27.9
INSTALLED plugins/okhttp-api.jpi : 4.11.0-157.v6852a_a_fa_ec11
INSTALLED plugins/bootstrap5-api.jpi : 5.3.2-2
INSTALLED plugins/jackson2-api.jpi : 2.15.3-372.v309620682326
INSTALLED plugins/workflow-step-api.jpi : 639.v6eca_cd8c04a_a_
INSTALLED plugins/structs.jpi : 325.vcb_307d2a_2782
INSTALLED plugins/mina-sshd-api-core.jpi : 2.11.0-86.v836f585d47fa_
INSTALLED plugins/ssh-credentials.jpi : 308.ve4497b_ccd8f4
INSTALLED plugins/branch-api.jpi : 2.1128.v717130d4f816
INSTALLED plugins/credentials.jpi : 1309.v8835d63eb_d8a_
INSTALLED plugins/github-api.jpi : 1.316-451.v15738eef3414
INSTALLED plugins/blueocean-rest-impl.jpi : 1.27.9
INSTALLED plugins/jenkins-design-language.jpi : 1.27.9
INSTALLED plugins/checks-api.jpi : 2.0.2
INSTALLED plugins/git.jpi : 5.2.1
INSTALLED plugins/pipeline-groovy-lib.jpi : 689.veec561a_dee13
INSTALLED plugins/blueocean-rest.jpi : 1.27.9
INSTALLED plugins/github-branch-source.jpi : 1748.v6b_61a_1dc35b_4
INSTALLED plugins/workflow-job.jpi : 1360.vc6700e3136f5
INSTALLED plugins/handy-uri-templates-2-api.jpi : 2.1.8-22.v77d5b_75e6953
INSTALLED plugins/pipeline-graph-analysis.jpi : 202.va_d268e64deb_3
INSTALLED plugins/instance-identity.jpi : 185.v303dc7c645f9
INSTALLED plugins/variant.jpi : 60.v7290fc0eb_b_cd
INSTALLED plugins/docker-workflow.jpi : 572.v950f58993843
INSTALLED plugins/workflow-cps.jpi : 3806.va_3a_6988277b_2
INSTALLED plugins/script-security.jpi : 1275.v23895f409fb_d
INSTALLED plugins/blueocean-github-pipeline.jpi : 1.27.9
INSTALLED plugins/ionicons-api.jpi : 56.v1b_1c8c49374e
INSTALLED plugins/blueocean-personalization.jpi : 1.27.9
INSTALLED plugins/blueocean-config.jpi : 1.27.9
INSTALLED plugins/blueocean-pipeline-scm-api.jpi : 1.27.9
INSTALLED plugins/mailer.jpi : 463.vedf8358e006b_
INSTALLED plugins/pipeline-milestone-step.jpi : 111.v449306f708b_7
INSTALLED plugins/blueocean-core-js.jpi : 1.27.9
INSTALLED plugins/pipeline-model-definition.jpi : 2.2150.v4cfd8916915c
INSTALLED plugins/sse-gateway.jpi : 1.26
INSTALLED plugins/workflow-support.jpi : 865.v43e78cc44e0d
INSTALLED plugins/apache-httpcomponents-client-4-api.jpi : 4.5.14-208.v438351942757
INSTALLED plugins/commons-lang3-api.jpi : 3.13.0-62.v7d18e55f51e2
INSTALLED plugins/trilead-api.jpi : 2.84.v72119de229b_7
INSTALLED plugins/pipeline-stage-step.jpi : 305.ve96d0205c1c6
INSTALLED plugins/jaxb.jpi : 2.3.9-1
INSTALLED plugins/jakarta-mail-api.jpi : 2.0.1-3
INSTALLED plugins/github.jpi : 1.37.3.1
INSTALLED plugins/font-awesome-api.jpi : 6.4.2-1
INSTALLED plugins/cloudbees-bitbucket-branch-source.jpi : 848.v42c6a_317eda_e
INSTALLED plugins/mina-sshd-api-common.jpi : 2.11.0-86.v836f585d47fa_
INSTALLED plugins/authentication-tokens.jpi : 1.53.v1c90fd9191a_b_
INSTALLED plugins/blueocean-i18n.jpi : 1.27.9
INSTALLED plugins/favorite.jpi : 2.4.3
INSTALLED plugins/blueocean.jpi : 1.27.9
INSTALLED plugins/blueocean-display-url.jpi : 2.4.2
INSTALLED plugins/caffeine-api.jpi : 3.1.8-133.v17b_1ff2e0599
INSTALLED plugins/display-url-api.jpi : 2.200.vb_9327d658781
INSTALLED plugins/blueocean-pipeline-api-impl.jpi : 1.27.9
INSTALLED plugins/plugin-util-api.jpi : 3.6.0
INSTALLED plugins/pipeline-model-extensions.jpi : 2.2150.v4cfd8916915c
INSTALLED plugins/commons-text-api.jpi : 1.11.0-94.v3e1f4a_926e49
INSTALLED plugins/workflow-api.jpi : 1283.v99c10937efcb_
INSTALLED plugins/blueocean-jwt.jpi : 1.27.9
INSTALLED plugins/blueocean-bitbucket-pipeline.jpi : 1.27.9
INSTALLED plugins/sonar.jpi : 2.16.1
INSTALLED plugins/dependency-check-jenkins-plugin.jpi : 5.4.3
